MIF/HEX Update report for recop
Fri May 17 09:11:31 2024
Quartus Prime Version 18.1.0 Build 625 09/12/2018 SJ Lite Edition


---------------------
; Table of Contents ;
---------------------
  1. Legal Notice
  2. MIF/HEX Update Summary
  3. MIF/HEX Update Processed Files
  4. MIF/HEX Update Messages



----------------
; Legal Notice ;
----------------
Copyright (C) 2018  Intel Corporation. All rights reserved.
Your use of Intel Corporation's design tools, logic functions 
and other software and tools, and its AMPP partner logic 
functions, and any output files from any of the foregoing 
(including device programming or simulation files), and any 
associated documentation or information are expressly subject 
to the terms and conditions of the Intel Program License 
Subscription Agreement, the Intel Quartus Prime License Agreement,
the Intel FPGA IP License Agreement, or other applicable license
agreement, including, without limitation, that your use is for
the sole purpose of programming logic devices manufactured by
Intel and sold by Intel or its authorized distributors.  Please
refer to the applicable agreement for further details.



+---------------------------------------------------------------+
; MIF/HEX Update Summary                                        ;
+-----------------------+---------------------------------------+
; MIF/HEX Update Status ; Successful - Fri May 17 09:11:31 2024 ;
; Revision Name         ; recop                                 ;
; Top-level Entity Name ; progCounterTest                       ;
; Family                ; Cyclone V                             ;
; Device                ; 5CSEMA5F31C6                          ;
+-----------------------+---------------------------------------+


+---------------------------------------------------------------------------------+
; MIF/HEX Update Processed Files                                                  ;
+---------------------------------------------------------------------------------+
; File Name                                                                       ;
+---------------------------------------------------------------------------------+
; C:/Users/ianku/OneDrive/Documents/Github/cs701-recop/recop/assembler/output.mif ;
+---------------------------------------------------------------------------------+


+-------------------------+
; MIF/HEX Update Messages ;
+-------------------------+
Info: *******************************************************************
Info: Running Quartus Prime MIF/HEX Update
    Info: Version 18.1.0 Build 625 09/12/2018 SJ Lite Edition
    Info: Processing started: Fri May 17 09:11:29 2024
Info: Command: quartus_cdb recop -c recop --update_mif
Warning (18236): Number of processors has not been specified which may cause overloading on shared machines.  Set the global assignment NUM_PARALLEL_PROCESSORS in your QSF to an appropriate value for best performance.
Warning (113028): 1022 out of 1024 addresses are uninitialized. The Quartus Prime software will initialize them to "0". There are 1 warnings found, and 1 warnings are reported. File: C:/Users/ianku/OneDrive/Documents/Github/cs701-recop/recop/assembler/output.mif Line: 1
    Warning (113027): Addresses ranging from 2 to 1023 are not initialized File: C:/Users/ianku/OneDrive/Documents/Github/cs701-recop/recop/assembler/output.mif Line: 1
Critical Warning (127005): Memory depth (32768) in the design file differs from memory depth (1024) in the Memory Initialization File "C:/Users/ianku/OneDrive/Documents/Github/cs701-recop/recop/assembler/output.mif" -- setting initial value for remaining addresses to 0
Info (39024): Processed the following Memory Initialization File(s)
    Info (39025): Processed Memory Initialization File C:/Users/ianku/OneDrive/Documents/Github/cs701-recop/recop/assembler/output.mif File: C:/Users/ianku/OneDrive/Documents/Github/cs701-recop/recop/assembler/output.mif Line: 0
Info: Quartus Prime MIF/HEX Update was successful. 0 errors, 4 warnings
    Info: Peak virtual memory: 4872 megabytes
    Info: Processing ended: Fri May 17 09:11:31 2024
    Info: Elapsed time: 00:00:02
    Info: Total CPU time (on all processors): 00:00:02


